<?xml version="1.0" encoding="UTF-8"?>
<!-- Generated by org.testng.reporters.JUnitXMLReporter -->
<testsuite ignored="0" hostname="DESKTOP-ROILG6T" failures="0" tests="12" name="Default test" time="3.48" errors="0" timestamp="2023-08-31T12:34:31 IST">
  <testcase classname="com.jwt.springjwt.UserTest" name="register" time="1.756"/>
  <testcase classname="com.jwt.springjwt.UserTest" name="registerAgainWithSameid" time="0.152"/>
  <testcase classname="com.jwt.springjwt.UserTest" name="login" time="0.51"/>
  <testcase classname="com.jwt.springjwt.UserTest" name="InvalidLogin" time="0.171"/>
  <testcase classname="com.jwt.springjwt.UserTest" name="addToCart" time="0.105"/>
  <testcase classname="com.jwt.springjwt.UserTest" name="getProductById" time="0.039"/>
  <testcase classname="com.jwt.springjwt.UserTest" name="invalidGetProductById" time="0.142"/>
  <testcase classname="com.jwt.springjwt.UserTest" name="getProductsByCategory" time="0.197"/>
  <testcase classname="com.jwt.springjwt.UserTest" name="getAllFromCart" time="0.085"/>
  <testcase classname="com.jwt.springjwt.UserTest" name="removefromCart" time="0.096"/>
  <testcase classname="com.jwt.springjwt.UserTest" name="invalidRemovefromCart" time="0.053"/>
  <testcase classname="com.jwt.springjwt.UserTest" name="orderHistory" time="0.09"/>
</testsuite> <!-- Default test -->
