<?xml version="1.0" encoding="UTF-8"?>
<!-- Generated by org.testng.reporters.JUnitXMLReporter -->
<testsuite ignored="0" hostname="DESKTOP-ROILG6T" failures="0" tests="22" name="Test" time="9.671" errors="0" timestamp="2023-09-13T12:18:35 IST">
  <testcase classname="com.jwt.springjwt.SpringjwtserverApplicationTests" name="register" time="3.983"/>
  <testcase classname="com.jwt.springjwt.SpringjwtserverApplicationTests" name="registerAgainWithSameid" time="0.287"/>
  <testcase classname="com.jwt.springjwt.SpringjwtserverApplicationTests" name="login" time="1.607"/>
  <testcase classname="com.jwt.springjwt.SpringjwtserverApplicationTests" name="InvalidLogin" time="0.25"/>
  <testcase classname="com.jwt.springjwt.SpringjwtserverApplicationTests" name="addProduct" time="0.336"/>
  <testcase classname="com.jwt.springjwt.SpringjwtserverApplicationTests" name="addingSameProductAgain" time="0.131"/>
  <testcase classname="com.jwt.springjwt.SpringjwtserverApplicationTests" name="updateProduct" time="0.136"/>
  <testcase classname="com.jwt.springjwt.SpringjwtserverApplicationTests" name="deleteProduct" time="0.193"/>
  <testcase classname="com.jwt.springjwt.SpringjwtserverApplicationTests" name="InvalidDeleteProduct" time="0.102"/>
  <testcase classname="com.jwt.springjwt.SpringjwtserverApplicationTests" name="addProduct1" time="0.102"/>
  <testcase classname="com.jwt.springjwt.UserTest" name="register" time="0.229"/>
  <testcase classname="com.jwt.springjwt.UserTest" name="registerAgainWithSameid" time="0.22"/>
  <testcase classname="com.jwt.springjwt.UserTest" name="login" time="0.229"/>
  <testcase classname="com.jwt.springjwt.UserTest" name="InvalidLogin" time="0.221"/>
  <testcase classname="com.jwt.springjwt.UserTest" name="addToCart" time="0.184"/>
  <testcase classname="com.jwt.springjwt.UserTest" name="getProductById" time="0.215"/>
  <testcase classname="com.jwt.springjwt.UserTest" name="invalidGetProductById" time="0.086"/>
  <testcase classname="com.jwt.springjwt.UserTest" name="getProductsByCategory" time="0.257"/>
  <testcase classname="com.jwt.springjwt.UserTest" name="getAllFromCart" time="0.255"/>
  <testcase classname="com.jwt.springjwt.UserTest" name="removefromCart" time="0.189"/>
  <testcase classname="com.jwt.springjwt.UserTest" name="invalidRemovefromCart" time="0.073"/>
  <testcase classname="com.jwt.springjwt.UserTest" name="orderHistory" time="0.107"/>
</testsuite> <!-- Test -->
